{
  "Cucumber Features": {
    "coverage": {
      "/home/ubuntu/environment/temp/plutaoweb/app/controllers/alunos_controller.rb": {
        "lines": [
          1,
          null,
          1,
          4,
          null,
          null,
          1,
          4,
          4,
          1,
          null,
          3,
          null,
          null,
          null,
          1,
          1,
          null,
          null,
          1,
          1,
          4,
          null,
          null,
          null
        ]
      },
      "/home/ubuntu/environment/temp/plutaoweb/app/controllers/application_controller.rb": {
        "lines": [
          1,
          null
        ]
      },
      "/home/ubuntu/environment/temp/plutaoweb/app/helpers/application_helper.rb": {
        "lines": [
          1,
          null
        ]
      },
      "/home/ubuntu/environment/temp/plutaoweb/app/helpers/alunos_helper.rb": {
        "lines": [
          1,
          null
        ]
      },
      "/home/ubuntu/environment/temp/plutaoweb/app/models/aluno.rb": {
        "lines": [
          1,
          1,
          1,
          null,
          null
        ]
      },
      "/home/ubuntu/environment/temp/plutaoweb/app/models/application_record.rb": {
        "lines": [
          1,
          1,
          null
        ]
      },
      "/home/ubuntu/environment/temp/plutaoweb/app/channels/application_cable/channel.rb": {
        "lines": [
          0,
          0,
          0,
          0
        ],
        "branches": {
        }
      },
      "/home/ubuntu/environment/temp/plutaoweb/app/channels/application_cable/connection.rb": {
        "lines": [
          0,
          0,
          0,
          0
        ],
        "branches": {
        }
      },
      "/home/ubuntu/environment/temp/plutaoweb/app/jobs/application_job.rb": {
        "lines": [
          0,
          null,
          null,
          null,
          null,
          null,
          0
        ],
        "branches": {
        }
      },
      "/home/ubuntu/environment/temp/plutaoweb/app/mailers/application_mailer.rb": {
        "lines": [
          0,
          0,
          0,
          0
        ],
        "branches": {
        }
      }
    },
    "timestamp": 1664389468
  },
  "RSpec": {
    "coverage": {
      "/home/ubuntu/environment/temp/plutaoweb/app/helpers/alunos_helper.rb": {
        "lines": [
          1,
          null
        ]
      },
      "/home/ubuntu/environment/temp/plutaoweb/app/helpers/application_helper.rb": {
        "lines": [
          1,
          null
        ]
      },
      "/home/ubuntu/environment/temp/plutaoweb/app/models/aluno.rb": {
        "lines": [
          1,
          1,
          1,
          null,
          null
        ]
      },
      "/home/ubuntu/environment/temp/plutaoweb/app/models/application_record.rb": {
        "lines": [
          1,
          1,
          null
        ]
      },
      "/home/ubuntu/environment/temp/plutaoweb/app/channels/application_cable/channel.rb": {
        "lines": [
          0,
          0,
          0,
          0
        ],
        "branches": {
        }
      },
      "/home/ubuntu/environment/temp/plutaoweb/app/channels/application_cable/connection.rb": {
        "lines": [
          0,
          0,
          0,
          0
        ],
        "branches": {
        }
      },
      "/home/ubuntu/environment/temp/plutaoweb/app/controllers/alunos_controller.rb": {
        "lines": [
          0,
          null,
          0,
          0,
          0,
          null,
          0,
          0,
          0,
          0,
          0,
          0,
          0,
          0,
          null,
          0,
          0,
          0,
          null,
          0,
          0,
          0,
          0,
          null,
          0
        ],
        "branches": {
        }
      },
      "/home/ubuntu/environment/temp/plutaoweb/app/controllers/application_controller.rb": {
        "lines": [
          0,
          0
        ],
        "branches": {
        }
      },
      "/home/ubuntu/environment/temp/plutaoweb/app/jobs/application_job.rb": {
        "lines": [
          0,
          null,
          null,
          null,
          null,
          null,
          0
        ],
        "branches": {
        }
      },
      "/home/ubuntu/environment/temp/plutaoweb/app/mailers/application_mailer.rb": {
        "lines": [
          0,
          0,
          0,
          0
        ],
        "branches": {
        }
      }
    },
    "timestamp": 1664389456
  }
}
