SF:./app/channels/application_cable/channel.rb
DA:1,0
DA:2,0
DA:3,0
DA:4,0
end_of_record
SF:./app/channels/application_cable/connection.rb
DA:1,0
DA:2,0
DA:3,0
DA:4,0
end_of_record
SF:./app/controllers/alunos_controller.rb
DA:1,1
DA:3,1
DA:4,4
DA:7,1
DA:8,4
DA:9,4
DA:10,1
DA:12,3
DA:16,1
DA:17,1
DA:20,1
DA:21,1
DA:22,4
end_of_record
SF:./app/controllers/application_controller.rb
DA:1,1
end_of_record
SF:./app/helpers/alunos_helper.rb
DA:1,2
end_of_record
SF:./app/helpers/application_helper.rb
DA:1,2
end_of_record
SF:./app/jobs/application_job.rb
DA:1,0
DA:7,0
end_of_record
SF:./app/mailers/application_mailer.rb
DA:1,0
DA:2,0
DA:3,0
DA:4,0
end_of_record
SF:./app/models/aluno.rb
DA:1,2
DA:2,2
DA:3,2
end_of_record
SF:./app/models/application_record.rb
DA:1,2
DA:2,2
end_of_record
